<?xml version="1.0" encoding="UTF-8"?>
<!-- Generated by org.testng.reporters.JUnitXMLReporter -->
<testsuite ignored="0" hostname="Hp-Notebook" failures="0" tests="3" name="Default test" time="50.261" errors="0" timestamp="2025-04-29T15:56:17 IST">
  <testcase classname="com.crm.comcast.producttest.ProductModuleTest" name="ProductWithVendorWithUnitWithGroup" time="13.92"/>
  <testcase classname="com.crm.comcast.producttest.ProductModuleTest" name="ProductWithVendorWithUser" time="9.567"/>
  <testcase classname="com.crm.comcast.producttest.ProductModuleTest" name="productWithVendorTest" time="8.599"/>
</testsuite> <!-- Default test -->
