<?xml version="1.0" encoding="UTF-8"?>
<!-- Generated by org.testng.reporters.JUnitXMLReporter -->
<testsuite ignored="2" hostname="Hp-Notebook" failures="0" tests="6" name="TestRunner-Chrome" time="72.961" errors="0" timestamp="2025-04-18T16:23:32 IST">
  <testcase classname="com.crm.comcast.contacttest.CreateContTest" name="createContSupportWithDateTest" time="5.593"/>
  <testcase classname="com.crm.comcast.contacttest.CreateContTest" name="createContTest" time="4.54"/>
  <testcase classname="com.crm.comcast.contacttest.CreateContTest" name="createContWithOrgTest" time="9.651"/>
  <testcase classname="com.crm.comcast.orgtest.CreateOrgTest" name="createOrgTest" time="5.258"/>
  <testcase classname="com.crm.comcast.orgtest.CreateOrgTest" name="createOrgWithIndustriesTest" time="4.879"/>
  <testcase classname="com.crm.comcast.orgtest.CreateOrgTest" name="createOrgWithPhoneNumberTest" time="4.644"/>
  <testcase classname="com.crm.comcast.genericutility.BaseClass" name="@AfterSuite configAS" time="0.0">
    <ignored/>
  </testcase> <!-- @AfterSuite configAS -->
  <testcase classname="com.crm.comcast.genericutility.BaseClass" name="@BeforeSuite configBS" time="0.0">
    <ignored/>
  </testcase> <!-- @BeforeSuite configBS -->
</testsuite> <!-- TestRunner-Chrome -->
