<?xml version="1.0" encoding="UTF-8"?>
<!-- Generated by org.testng.reporters.JUnitXMLReporter -->
<testsuite ignored="2" hostname="Hp-Notebook" failures="1" tests="6" name="Test" time="76.468" errors="0" timestamp="02 May 2025 18:25:10 GMT">
  <testcase classname="com.crm.comcast.contacttest.CreateContTest" name="createContSupportWithDateTest" time="7.918"/>
  <testcase classname="com.crm.comcast.contacttest.CreateContTest" name="createContTest" time="4.458"/>
  <testcase classname="com.crm.comcast.contacttest.CreateContTest" name="createContWithOrgTest" time="13.596"/>
  <testcase classname="com.crm.comcast.orgtest.CreateOrgTest" name="createOrgTest" time="0.022">
    <failure type="java.lang.NullPointerException" message="Cannot invoke &amp;quot;com.aventstack.extentreports.ExtentTest.log(com.aventstack.extentreports.Status, String)&amp;quot; because the return value of &amp;quot;com.comcast.crm.generic.webdriverutility.UtilityClassObject.getTest()&amp;quot; is null">
      <![CDATA[java.lang.NullPointerException: Cannot invoke "com.aventstack.extentreports.ExtentTest.log(com.aventstack.extentreports.Status, String)" because the return value of "com.comcast.crm.generic.webdriverutility.UtilityClassObject.getTest()" is null
at com.crm.comcast.orgtest.CreateOrgTest.createOrgTest(CreateOrgTest.java:25)
... Removed 23 stack frames]]>
    </failure>
  </testcase> <!-- createOrgTest -->
  <testcase classname="com.crm.comcast.orgtest.CreateOrgTest" name="createOrgWithIndustriesTest" time="6.912"/>
  <testcase classname="com.crm.comcast.orgtest.CreateOrgTest" name="createOrgWithPhoneNumberTest" time="5.082"/>
  <testcase classname="com.crm.comcast.genericutility.BaseClass" name="@AfterSuite configAS" time="0.0">
    <ignored/>
  </testcase> <!-- @AfterSuite configAS -->
  <testcase classname="com.crm.comcast.genericutility.BaseClass" name="@BeforeSuite configBS" time="0.0">
    <ignored/>
  </testcase> <!-- @BeforeSuite configBS -->
</testsuite> <!-- Test -->
